[08-Dec-2021 18:22:24 Europe/Berlin] PHP Fatal error:  Uncaught ReflectionException: Class App\LoginController does not exist in C:\xampp\htdocs\projetos-estudos pessoais\so-mais-um-teste\routers\Dispacher.php:19
Stack trace:
#0 C:\xampp\htdocs\projetos-estudos pessoais\so-mais-um-teste\routers\Dispacher.php(19): ReflectionClass->__construct('App\\LoginContro...')
#1 C:\xampp\htdocs\projetos-estudos pessoais\so-mais-um-teste\routers\Router.php(50): Route\Dispacher->dispach(Array, Array, 'App\\')
#2 C:\xampp\htdocs\projetos-estudos pessoais\so-mais-um-teste\routers\Router.php(63): Route\Router->dispach(Object(stdClass))
#3 C:\xampp\htdocs\projetos-estudos pessoais\so-mais-um-teste\index.php(27): Route\Router->resolve(Object(Route\Request))
#4 {main}
  thrown in C:\xampp\htdocs\projetos-estudos pessoais\so-mais-um-teste\routers\Dispacher.php on line 19
[08-Dec-2021 18:23:11 Europe/Berlin] PHP Fatal error:  Uncaught ReflectionException: Class App\LoginController does not exist in C:\xampp\htdocs\projetos-estudos pessoais\so-mais-um-teste\routers\Dispacher.php:19
Stack trace:
#0 C:\xampp\htdocs\projetos-estudos pessoais\so-mais-um-teste\routers\Dispacher.php(19): ReflectionClass->__construct('App\\LoginContro...')
#1 C:\xampp\htdocs\projetos-estudos pessoais\so-mais-um-teste\routers\Router.php(50): Route\Dispacher->dispach(Array, Array, 'App\\')
#2 C:\xampp\htdocs\projetos-estudos pessoais\so-mais-um-teste\routers\Router.php(63): Route\Router->dispach(Object(stdClass))
#3 C:\xampp\htdocs\projetos-estudos pessoais\so-mais-um-teste\index.php(27): Route\Router->resolve(Object(Route\Request))
#4 {main}
  thrown in C:\xampp\htdocs\projetos-estudos pessoais\so-mais-um-teste\routers\Dispacher.php on line 19
[08-Dec-2021 18:23:14 Europe/Berlin] PHP Fatal error:  Uncaught ReflectionException: Class App\LoginController does not exist in C:\xampp\htdocs\projetos-estudos pessoais\so-mais-um-teste\routers\Dispacher.php:19
Stack trace:
#0 C:\xampp\htdocs\projetos-estudos pessoais\so-mais-um-teste\routers\Dispacher.php(19): ReflectionClass->__construct('App\\LoginContro...')
#1 C:\xampp\htdocs\projetos-estudos pessoais\so-mais-um-teste\routers\Router.php(50): Route\Dispacher->dispach(Array, Array, 'App\\')
#2 C:\xampp\htdocs\projetos-estudos pessoais\so-mais-um-teste\routers\Router.php(63): Route\Router->dispach(Object(stdClass))
#3 C:\xampp\htdocs\projetos-estudos pessoais\so-mais-um-teste\index.php(27): Route\Router->resolve(Object(Route\Request))
#4 {main}
  thrown in C:\xampp\htdocs\projetos-estudos pessoais\so-mais-um-teste\routers\Dispacher.php on line 19
[08-Dec-2021 18:24:45 Europe/Berlin] PHP Fatal error:  Uncaught ReflectionException: Class App\ControllersLoginController does not exist in C:\xampp\htdocs\projetos-estudos pessoais\so-mais-um-teste\routers\Dispacher.php:19
Stack trace:
#0 C:\xampp\htdocs\projetos-estudos pessoais\so-mais-um-teste\routers\Dispacher.php(19): ReflectionClass->__construct('App\\Controllers...')
#1 C:\xampp\htdocs\projetos-estudos pessoais\so-mais-um-teste\routers\Router.php(50): Route\Dispacher->dispach(Array, Array, 'App\\Controllers')
#2 C:\xampp\htdocs\projetos-estudos pessoais\so-mais-um-teste\routers\Router.php(63): Route\Router->dispach(Object(stdClass))
#3 C:\xampp\htdocs\projetos-estudos pessoais\so-mais-um-teste\index.php(27): Route\Router->resolve(Object(Route\Request))
#4 {main}
  thrown in C:\xampp\htdocs\projetos-estudos pessoais\so-mais-um-teste\routers\Dispacher.php on line 19
[08-Dec-2021 21:34:53 Europe/Berlin] PHP Notice:  Undefined property: App\Controllers\LoginController::$data in C:\xampp\htdocs\projetos-estudos pessoais\so-mais-um-teste\app\controllers\LoginController.php on line 13
[08-Dec-2021 21:40:33 Europe/Berlin] PHP Notice:  Undefined variable: id in C:\xampp\htdocs\projetos-estudos pessoais\so-mais-um-teste\app\controllers\LoginController.php on line 13
[08-Dec-2021 22:18:23 Europe/Berlin] PHP Notice:  Undefined variable: request in C:\xampp\htdocs\projetos-estudos pessoais\so-mais-um-teste\index.php on line 22
[08-Dec-2021 22:19:15 Europe/Berlin] PHP Notice:  Array to string conversion in C:\xampp\htdocs\projetos-estudos pessoais\so-mais-um-teste\app\controllers\LoginController.php on line 25
[09-Dec-2021 03:07:42 Europe/Berlin] PHP Fatal error:  Uncaught Error: Class 'App\Route' not found in C:\xampp\htdocs\projetos-estudos pessoais\so-mais-um-teste\app\helpers\helper_routes.php:16
Stack trace:
#0 C:\xampp\htdocs\projetos-estudos pessoais\so-mais-um-teste\index.php(30): resolve(Object(Route\Request))
#1 {main}
  thrown in C:\xampp\htdocs\projetos-estudos pessoais\so-mais-um-teste\app\helpers\helper_routes.php on line 16
[09-Dec-2021 04:11:21 Europe/Berlin] PHP Parse error:  syntax error, unexpected '?>' in C:\xampp\htdocs\projetos-estudos pessoais\so-mais-um-teste\app\views\LoginView.php on line 15
[09-Dec-2021 04:11:22 Europe/Berlin] PHP Parse error:  syntax error, unexpected '?>' in C:\xampp\htdocs\projetos-estudos pessoais\so-mais-um-teste\app\views\LoginView.php on line 15
[09-Dec-2021 04:16:04 Europe/Berlin] PHP Notice:  Undefined index: HTTP_REFERER in C:\xampp\htdocs\projetos-estudos pessoais\so-mais-um-teste\app\views\LoginView.php on line 12
